{"C:\\Users\\thego\\Documents\\Coding\\Web\\node modules\\Timey-Wimey\\dist\\index.js":{"path":"C:\\Users\\thego\\Documents\\Coding\\Web\\node modules\\Timey-Wimey\\dist\\index.js","s":{"1":1,"2":1,"3":0,"4":1,"5":1,"6":1,"7":273,"8":273,"9":1,"10":1,"11":1,"12":1,"13":1,"14":1,"15":18,"16":0,"17":0,"18":18,"19":1,"20":15,"21":0,"22":15,"23":15,"24":35,"25":15,"26":1,"27":1,"28":1,"29":0,"30":1,"31":1,"32":1,"33":1,"34":0,"35":1,"36":1,"37":1,"38":1,"39":0,"40":1,"41":1},"b":{"1":[1,1,1],"2":[0,1],"3":[1,1],"4":[1,0],"5":[273,0],"6":[0,18],"7":[0,15],"8":[10,25],"9":[0,1],"10":[0,1],"11":[0,1]},"f":{"1":1,"2":18,"3":15,"4":35,"5":1,"6":1,"7":1},"fnMap":{"1":{"name":"(anonymous_1)","line":2,"loc":{"start":{"line":2,"column":50},"end":{"line":2,"column":65}}},"2":{"name":"checkIfNotFormatted","line":12,"loc":{"start":{"line":12,"column":0},"end":{"line":12,"column":36}}},"3":{"name":"evaluateTimeExpression","line":19,"loc":{"start":{"line":19,"column":0},"end":{"line":19,"column":49}}},"4":{"name":"(anonymous_4)","line":25,"loc":{"start":{"line":25,"column":13},"end":{"line":25,"column":29}}},"5":{"name":"resolveToSeconds","line":32,"loc":{"start":{"line":32,"column":0},"end":{"line":32,"column":43}}},"6":{"name":"resolveToMinutes","line":38,"loc":{"start":{"line":38,"column":0},"end":{"line":38,"column":43}}},"7":{"name":"resolveToHours","line":44,"loc":{"start":{"line":44,"column":0},"end":{"line":44,"column":41}}}},"statementMap":{"1":{"start":{"line":2,"column":0},"end":{"line":8,"column":2}},"2":{"start":{"line":3,"column":4},"end":{"line":3,"column":42}},"3":{"start":{"line":3,"column":31},"end":{"line":3,"column":42}},"4":{"start":{"line":4,"column":4},"end":{"line":4,"column":20}},"5":{"start":{"line":5,"column":4},"end":{"line":5,"column":99}},"6":{"start":{"line":5,"column":21},"end":{"line":5,"column":99}},"7":{"start":{"line":5,"column":40},"end":{"line":5,"column":99}},"8":{"start":{"line":5,"column":80},"end":{"line":5,"column":99}},"9":{"start":{"line":6,"column":4},"end":{"line":6,"column":28}},"10":{"start":{"line":7,"column":4},"end":{"line":7,"column":18}},"11":{"start":{"line":9,"column":0},"end":{"line":9,"column":62}},"12":{"start":{"line":10,"column":0},"end":{"line":10,"column":33}},"13":{"start":{"line":11,"column":0},"end":{"line":11,"column":43}},"14":{"start":{"line":12,"column":0},"end":{"line":18,"column":1}},"15":{"start":{"line":13,"column":4},"end":{"line":16,"column":5}},"16":{"start":{"line":14,"column":8},"end":{"line":14,"column":100}},"17":{"start":{"line":15,"column":8},"end":{"line":15,"column":20}},"18":{"start":{"line":17,"column":4},"end":{"line":17,"column":17}},"19":{"start":{"line":19,"column":0},"end":{"line":30,"column":1}},"20":{"start":{"line":20,"column":4},"end":{"line":21,"column":15}},"21":{"start":{"line":21,"column":8},"end":{"line":21,"column":15}},"22":{"start":{"line":22,"column":4},"end":{"line":22,"column":85}},"23":{"start":{"line":23,"column":4},"end":{"line":28,"column":19}},"24":{"start":{"line":26,"column":8},"end":{"line":26,"column":76}},"25":{"start":{"line":29,"column":4},"end":{"line":29,"column":58}},"26":{"start":{"line":31,"column":0},"end":{"line":31,"column":56}},"27":{"start":{"line":32,"column":0},"end":{"line":36,"column":1}},"28":{"start":{"line":33,"column":4},"end":{"line":34,"column":15}},"29":{"start":{"line":34,"column":8},"end":{"line":34,"column":15}},"30":{"start":{"line":35,"column":4},"end":{"line":35,"column":59}},"31":{"start":{"line":37,"column":0},"end":{"line":37,"column":44}},"32":{"start":{"line":38,"column":0},"end":{"line":42,"column":1}},"33":{"start":{"line":39,"column":4},"end":{"line":40,"column":15}},"34":{"start":{"line":40,"column":8},"end":{"line":40,"column":15}},"35":{"start":{"line":41,"column":4},"end":{"line":41,"column":59}},"36":{"start":{"line":43,"column":0},"end":{"line":43,"column":44}},"37":{"start":{"line":44,"column":0},"end":{"line":48,"column":1}},"38":{"start":{"line":45,"column":4},"end":{"line":46,"column":15}},"39":{"start":{"line":46,"column":8},"end":{"line":46,"column":15}},"40":{"start":{"line":47,"column":4},"end":{"line":47,"column":57}},"41":{"start":{"line":49,"column":0},"end":{"line":49,"column":40}}},"branchMap":{"1":{"line":2,"type":"binary-expr","locations":[{"start":{"line":2,"column":20},"end":{"line":2,"column":24}},{"start":{"line":2,"column":28},"end":{"line":2,"column":45}},{"start":{"line":2,"column":50},"end":{"line":8,"column":1}}]},"2":{"line":3,"type":"if","locations":[{"start":{"line":3,"column":4},"end":{"line":3,"column":4}},{"start":{"line":3,"column":4},"end":{"line":3,"column":4}}]},"3":{"line":3,"type":"binary-expr","locations":[{"start":{"line":3,"column":8},"end":{"line":3,"column":11}},{"start":{"line":3,"column":15},"end":{"line":3,"column":29}}]},"4":{"line":5,"type":"if","locations":[{"start":{"line":5,"column":4},"end":{"line":5,"column":4}},{"start":{"line":5,"column":4},"end":{"line":5,"column":4}}]},"5":{"line":5,"type":"if","locations":[{"start":{"line":5,"column":40},"end":{"line":5,"column":40}},{"start":{"line":5,"column":40},"end":{"line":5,"column":40}}]},"6":{"line":13,"type":"if","locations":[{"start":{"line":13,"column":4},"end":{"line":13,"column":4}},{"start":{"line":13,"column":4},"end":{"line":13,"column":4}}]},"7":{"line":20,"type":"if","locations":[{"start":{"line":20,"column":4},"end":{"line":20,"column":4}},{"start":{"line":20,"column":4},"end":{"line":20,"column":4}}]},"8":{"line":26,"type":"cond-expr","locations":[{"start":{"line":26,"column":38},"end":{"line":26,"column":42}},{"start":{"line":26,"column":45},"end":{"line":26,"column":75}}]},"9":{"line":33,"type":"if","locations":[{"start":{"line":33,"column":4},"end":{"line":33,"column":4}},{"start":{"line":33,"column":4},"end":{"line":33,"column":4}}]},"10":{"line":39,"type":"if","locations":[{"start":{"line":39,"column":4},"end":{"line":39,"column":4}},{"start":{"line":39,"column":4},"end":{"line":39,"column":4}}]},"11":{"line":45,"type":"if","locations":[{"start":{"line":45,"column":4},"end":{"line":45,"column":4}},{"start":{"line":45,"column":4},"end":{"line":45,"column":4}}]}}},"C:\\Users\\thego\\Documents\\Coding\\Web\\node modules\\Timey-Wimey\\dist\\logic.js":{"path":"C:\\Users\\thego\\Documents\\Coding\\Web\\node modules\\Timey-Wimey\\dist\\logic.js","s":{"1":1,"2":1,"3":0,"4":0,"5":0,"6":1,"7":28,"8":28,"9":23,"10":25,"11":25,"12":25,"13":9,"14":7,"15":9,"16":0,"17":25,"18":5,"19":1,"20":1,"21":1,"22":1,"23":1,"24":1,"25":1,"26":1,"27":1,"28":1,"29":15,"30":15,"31":15,"32":15,"33":902,"34":902,"35":15,"36":13,"37":13,"38":15,"39":15,"40":15,"41":15,"42":1},"b":{"1":[0,0],"2":[0,0],"3":[23,5],"4":[9,7,9,0],"5":[6,9],"6":[9,6],"7":[10,5],"8":[15,1]},"f":{"1":0,"2":28,"3":25,"4":25,"5":1,"6":1,"7":15},"fnMap":{"1":{"name":"formatInput","line":3,"loc":{"start":{"line":3,"column":0},"end":{"line":3,"column":28}}},"2":{"name":"convertToSeconds","line":10,"loc":{"start":{"line":10,"column":0},"end":{"line":10,"column":39}}},"3":{"name":"(anonymous_3)","line":14,"loc":{"start":{"line":14,"column":17},"end":{"line":14,"column":40}}},"4":{"name":"(anonymous_4)","line":28,"loc":{"start":{"line":28,"column":20},"end":{"line":28,"column":41}}},"5":{"name":"convertToMinutes","line":35,"loc":{"start":{"line":35,"column":0},"end":{"line":35,"column":33}}},"6":{"name":"convertToHours","line":40,"loc":{"start":{"line":40,"column":0},"end":{"line":40,"column":31}}},"7":{"name":"notate","line":45,"loc":{"start":{"line":45,"column":0},"end":{"line":45,"column":30}}}},"statementMap":{"1":{"start":{"line":2,"column":0},"end":{"line":2,"column":62}},"2":{"start":{"line":3,"column":0},"end":{"line":9,"column":1}},"3":{"start":{"line":4,"column":4},"end":{"line":7,"column":5}},"4":{"start":{"line":6,"column":9},"end":{"line":7,"column":5}},"5":{"start":{"line":8,"column":4},"end":{"line":8,"column":17}},"6":{"start":{"line":10,"column":0},"end":{"line":33,"column":1}},"7":{"start":{"line":11,"column":4},"end":{"line":11,"column":56}},"8":{"start":{"line":12,"column":4},"end":{"line":32,"column":5}},"9":{"start":{"line":13,"column":8},"end":{"line":28,"column":68}},"10":{"start":{"line":15,"column":12},"end":{"line":15,"column":52}},"11":{"start":{"line":16,"column":12},"end":{"line":16,"column":72}},"12":{"start":{"line":17,"column":12},"end":{"line":26,"column":13}},"13":{"start":{"line":19,"column":20},"end":{"line":19,"column":41}},"14":{"start":{"line":21,"column":20},"end":{"line":21,"column":39}},"15":{"start":{"line":23,"column":20},"end":{"line":23,"column":34}},"16":{"start":{"line":25,"column":20},"end":{"line":25,"column":29}},"17":{"start":{"line":28,"column":43},"end":{"line":28,"column":61}},"18":{"start":{"line":31,"column":8},"end":{"line":31,"column":37}},"19":{"start":{"line":34,"column":0},"end":{"line":34,"column":44}},"20":{"start":{"line":35,"column":0},"end":{"line":38,"column":1}},"21":{"start":{"line":36,"column":4},"end":{"line":36,"column":42}},"22":{"start":{"line":37,"column":4},"end":{"line":37,"column":24}},"23":{"start":{"line":39,"column":0},"end":{"line":39,"column":44}},"24":{"start":{"line":40,"column":0},"end":{"line":43,"column":1}},"25":{"start":{"line":41,"column":4},"end":{"line":41,"column":42}},"26":{"start":{"line":42,"column":4},"end":{"line":42,"column":26}},"27":{"start":{"line":44,"column":0},"end":{"line":44,"column":40}},"28":{"start":{"line":45,"column":0},"end":{"line":61,"column":1}},"29":{"start":{"line":46,"column":4},"end":{"line":46,"column":31}},"30":{"start":{"line":47,"column":4},"end":{"line":47,"column":18}},"31":{"start":{"line":48,"column":4},"end":{"line":48,"column":20}},"32":{"start":{"line":49,"column":4},"end":{"line":52,"column":5}},"33":{"start":{"line":50,"column":8},"end":{"line":50,"column":22}},"34":{"start":{"line":51,"column":8},"end":{"line":51,"column":18}},"35":{"start":{"line":53,"column":4},"end":{"line":56,"column":5}},"36":{"start":{"line":54,"column":8},"end":{"line":54,"column":22}},"37":{"start":{"line":55,"column":8},"end":{"line":55,"column":16}},"38":{"start":{"line":57,"column":4},"end":{"line":57,"column":52}},"39":{"start":{"line":58,"column":4},"end":{"line":58,"column":58}},"40":{"start":{"line":59,"column":4},"end":{"line":59,"column":58}},"41":{"start":{"line":60,"column":4},"end":{"line":60,"column":60}},"42":{"start":{"line":62,"column":0},"end":{"line":62,"column":24}}},"branchMap":{"1":{"line":4,"type":"if","locations":[{"start":{"line":4,"column":4},"end":{"line":4,"column":4}},{"start":{"line":4,"column":4},"end":{"line":4,"column":4}}]},"2":{"line":6,"type":"if","locations":[{"start":{"line":6,"column":9},"end":{"line":6,"column":9}},{"start":{"line":6,"column":9},"end":{"line":6,"column":9}}]},"3":{"line":12,"type":"if","locations":[{"start":{"line":12,"column":4},"end":{"line":12,"column":4}},{"start":{"line":12,"column":4},"end":{"line":12,"column":4}}]},"4":{"line":17,"type":"switch","locations":[{"start":{"line":18,"column":16},"end":{"line":19,"column":41}},{"start":{"line":20,"column":16},"end":{"line":21,"column":39}},{"start":{"line":22,"column":16},"end":{"line":23,"column":34}},{"start":{"line":24,"column":16},"end":{"line":25,"column":29}}]},"5":{"line":57,"type":"cond-expr","locations":[{"start":{"line":57,"column":35},"end":{"line":57,"column":37}},{"start":{"line":57,"column":40},"end":{"line":57,"column":51}}]},"6":{"line":58,"type":"cond-expr","locations":[{"start":{"line":58,"column":39},"end":{"line":58,"column":41}},{"start":{"line":58,"column":44},"end":{"line":58,"column":57}}]},"7":{"line":59,"type":"cond-expr","locations":[{"start":{"line":59,"column":39},"end":{"line":59,"column":41}},{"start":{"line":59,"column":44},"end":{"line":59,"column":57}}]},"8":{"line":60,"type":"binary-expr","locations":[{"start":{"line":60,"column":11},"end":{"line":60,"column":51}},{"start":{"line":60,"column":55},"end":{"line":60,"column":59}}]}}}}