TN:
SF:C:\Users\thego\Documents\Coding\Web\node modules\Timey-Wimey\dist\index.js
FN:2,(anonymous_1)
FN:12,checkIfNotFormatted
FN:19,evaluateTimeExpression
FN:25,(anonymous_4)
FN:32,resolveToSeconds
FN:38,resolveToMinutes
FN:44,resolveToHours
FNF:7
FNH:7
FNDA:1,(anonymous_1)
FNDA:18,checkIfNotFormatted
FNDA:15,evaluateTimeExpression
FNDA:35,(anonymous_4)
FNDA:1,resolveToSeconds
FNDA:1,resolveToMinutes
FNDA:1,resolveToHours
DA:2,1
DA:3,1
DA:4,1
DA:5,273
DA:6,1
DA:7,1
DA:9,1
DA:10,1
DA:11,1
DA:12,1
DA:13,18
DA:14,0
DA:15,0
DA:17,18
DA:19,1
DA:20,15
DA:21,0
DA:22,15
DA:23,15
DA:26,35
DA:29,15
DA:31,1
DA:32,1
DA:33,1
DA:34,0
DA:35,1
DA:37,1
DA:38,1
DA:39,1
DA:40,0
DA:41,1
DA:43,1
DA:44,1
DA:45,1
DA:46,0
DA:47,1
DA:49,1
LF:37
LH:31
BRDA:2,1,0,1
BRDA:2,1,1,1
BRDA:2,1,2,1
BRDA:3,2,0,0
BRDA:3,2,1,1
BRDA:3,3,0,1
BRDA:3,3,1,1
BRDA:5,4,0,1
BRDA:5,4,1,0
BRDA:5,5,0,273
BRDA:5,5,1,0
BRDA:13,6,0,0
BRDA:13,6,1,18
BRDA:20,7,0,0
BRDA:20,7,1,15
BRDA:26,8,0,10
BRDA:26,8,1,25
BRDA:33,9,0,0
BRDA:33,9,1,1
BRDA:39,10,0,0
BRDA:39,10,1,1
BRDA:45,11,0,0
BRDA:45,11,1,1
BRF:23
BRH:15
end_of_record
TN:
SF:C:\Users\thego\Documents\Coding\Web\node modules\Timey-Wimey\dist\logic.js
FN:3,formatInput
FN:10,convertToSeconds
FN:14,(anonymous_3)
FN:28,(anonymous_4)
FN:35,convertToMinutes
FN:40,convertToHours
FN:45,notate
FNF:7
FNH:6
FNDA:0,formatInput
FNDA:28,convertToSeconds
FNDA:25,(anonymous_3)
FNDA:25,(anonymous_4)
FNDA:1,convertToMinutes
FNDA:1,convertToHours
FNDA:15,notate
DA:2,1
DA:3,1
DA:4,0
DA:6,0
DA:8,0
DA:10,1
DA:11,28
DA:12,28
DA:13,23
DA:15,25
DA:16,25
DA:17,25
DA:19,9
DA:21,7
DA:23,9
DA:25,0
DA:28,25
DA:31,5
DA:34,1
DA:35,1
DA:36,1
DA:37,1
DA:39,1
DA:40,1
DA:41,1
DA:42,1
DA:44,1
DA:45,1
DA:46,15
DA:47,15
DA:48,15
DA:49,15
DA:50,902
DA:51,902
DA:53,15
DA:54,13
DA:55,13
DA:57,15
DA:58,15
DA:59,15
DA:60,15
DA:62,1
LF:42
LH:38
BRDA:4,1,0,0
BRDA:4,1,1,0
BRDA:6,2,0,0
BRDA:6,2,1,0
BRDA:12,3,0,23
BRDA:12,3,1,5
BRDA:17,4,0,9
BRDA:17,4,1,7
BRDA:17,4,2,9
BRDA:17,4,3,0
BRDA:57,5,0,6
BRDA:57,5,1,9
BRDA:58,6,0,9
BRDA:58,6,1,6
BRDA:59,7,0,10
BRDA:59,7,1,5
BRDA:60,8,0,15
BRDA:60,8,1,1
BRF:18
BRH:13
end_of_record
